==1602== Memcheck, a memory error detector
==1602== Copyright (C) 2002-2022, and GNU GPL'd, by Julian Seward et al.
==1602== Using Valgrind-3.22.0 and LibVEX; rerun with -h for copyright info
==1602== Command: ./glen
==1602== Parent PID: 372
==1602== 
==1602== Use of uninitialised value of size 8
==1602==    at 0x49830BB: _itoa_word (_itoa.c:183)
==1602==    by 0x498DC9B: __printf_buffer (vfprintf-process-arg.c:155)
==1602==    by 0x498F73A: __vfprintf_internal (vfprintf-internal.c:1544)
==1602==    by 0x49841B2: printf (printf.c:33)
==1602==    by 0x10BB31: Server_Run (in /mnt/c/Users/Lison/glennergy/glennergy/glen)
==1602==    by 0x10B887: main (in /mnt/c/Users/Lison/glennergy/glennergy/glen)
==1602==  Uninitialised value was created by a stack allocation
==1602==    at 0x10B9F5: Server_Run (in /mnt/c/Users/Lison/glennergy/glennergy/glen)
==1602== 
==1602== Conditional jump or move depends on uninitialised value(s)
==1602==    at 0x49830CC: _itoa_word (_itoa.c:183)
==1602==    by 0x498DC9B: __printf_buffer (vfprintf-process-arg.c:155)
==1602==    by 0x498F73A: __vfprintf_internal (vfprintf-internal.c:1544)
==1602==    by 0x49841B2: printf (printf.c:33)
==1602==    by 0x10BB31: Server_Run (in /mnt/c/Users/Lison/glennergy/glennergy/glen)
==1602==    by 0x10B887: main (in /mnt/c/Users/Lison/glennergy/glennergy/glen)
==1602==  Uninitialised value was created by a stack allocation
==1602==    at 0x10B9F5: Server_Run (in /mnt/c/Users/Lison/glennergy/glennergy/glen)
==1602== 
==1602== Conditional jump or move depends on uninitialised value(s)
==1602==    at 0x498DD89: __printf_buffer (vfprintf-process-arg.c:186)
==1602==    by 0x498F73A: __vfprintf_internal (vfprintf-internal.c:1544)
==1602==    by 0x49841B2: printf (printf.c:33)
==1602==    by 0x10BB31: Server_Run (in /mnt/c/Users/Lison/glennergy/glennergy/glen)
==1602==    by 0x10B887: main (in /mnt/c/Users/Lison/glennergy/glennergy/glen)
==1602==  Uninitialised value was created by a stack allocation
==1602==    at 0x10B9F5: Server_Run (in /mnt/c/Users/Lison/glennergy/glennergy/glen)
==1602== 
==1602== 
==1602== HEAP SUMMARY:
==1602==     in use at exit: 0 bytes in 0 blocks
==1602==   total heap usage: 1,312 allocs, 1,312 frees, 125,115 bytes allocated
==1602== 
==1602== All heap blocks were freed -- no leaks are possible
==1602== 
==1602== For lists of detected and suppressed errors, rerun with: -s
==1602== ERROR SUMMARY: 7 errors from 3 contexts (suppressed: 0 from 0)
==1603== 
==1603== HEAP SUMMARY:
==1603==     in use at exit: 0 bytes in 0 blocks
==1603==   total heap usage: 1,344 allocs, 1,344 frees, 138,295 bytes allocated
==1603== 
==1603== All heap blocks were freed -- no leaks are possible
==1603== 
==1603== For lists of detected and suppressed errors, rerun with: -s
==1603== ERROR SUMMARY: 0 errors from 0 contexts (suppressed: 0 from 0)
